<!DOCTYPE html>
<html>
<head>
<meta http-equiv="Content-Type" content="text/html; charset=utf-8"/>
<meta http-equiv="x-ua-compatible" content="IE=edge"/>
<title>Test results - Class com.epam.pipeline.autotests.PipelineFromTemplateTest</title>
<link href="../css/base-style.css" rel="stylesheet" type="text/css"/>
<link href="../css/style.css" rel="stylesheet" type="text/css"/>
<script src="../js/report.js" type="text/javascript"></script>
</head>
<body>
<div id="content">
<h1>Class com.epam.pipeline.autotests.PipelineFromTemplateTest</h1>
<div class="breadcrumbs">
<a href="../index.html">all</a> &gt; 
<a href="../packages/com.epam.pipeline.autotests.html">com.epam.pipeline.autotests</a> &gt; PipelineFromTemplateTest</div>
<div id="summary">
<table>
<tr>
<td>
<div class="summaryGroup">
<table>
<tr>
<td>
<div class="infoBox" id="tests">
<div class="counter">4</div>
<p>tests</p>
</div>
</td>
<td>
<div class="infoBox" id="failures">
<div class="counter">2</div>
<p>failures</p>
</div>
</td>
<td>
<div class="infoBox" id="ignored">
<div class="counter">0</div>
<p>ignored</p>
</div>
</td>
<td>
<div class="infoBox" id="duration">
<div class="counter">1h9m34.89s</div>
<p>duration</p>
</div>
</td>
</tr>
</table>
</div>
</td>
<td>
<div class="infoBox failures" id="successRate">
<div class="percent">50%</div>
<p>successful</p>
</div>
</td>
</tr>
</table>
</div>
<div id="tabs">
<ul class="tabLinks">
<li>
<a href="#tab0">Failed tests</a>
</li>
<li>
<a href="#tab1">Tests</a>
</li>
</ul>
<div id="tab0" class="tab">
<h2>Failed tests</h2>
<div class="test">
<a name="python - EPMCMBIBPC-541"></a>
<h3 class="failures">python - EPMCMBIBPC-541</h3>
<span class="code">
<pre>Element not found {task with name Task}
Expected: visible
Screenshot: file:/headless/e2e/gui/build/reports/tests/1631011089801.121.png
Page source: file:/headless/e2e/gui/build/reports/tests/1631011089801.121.html
Timeout: 80 s.
Caused by: NoSuchElementException: Cannot locate an element using task with name Task
	at com.codeborne.selenide.impl.WebElementSource.createElementNotFoundError(WebElementSource.java:31)
	at com.codeborne.selenide.impl.ElementFinder.createElementNotFoundError(ElementFinder.java:82)
	at com.codeborne.selenide.impl.WebElementSource.checkCondition(WebElementSource.java:59)
	at com.codeborne.selenide.commands.Should.should(Should.java:35)
	at com.codeborne.selenide.commands.Should.execute(Should.java:29)
	at com.codeborne.selenide.commands.Should.execute(Should.java:12)
	at com.codeborne.selenide.commands.Commands.execute(Commands.java:144)
	at com.codeborne.selenide.impl.SelenideElementProxy.dispatchAndRetry(SelenideElementProxy.java:87)
	at com.codeborne.selenide.impl.SelenideElementProxy.invoke(SelenideElementProxy.java:63)
	at com.sun.proxy.$Proxy15.shouldBe(Unknown Source)
	at com.epam.pipeline.autotests.ao.AccessObject.click(AccessObject.java:105)
	at com.epam.pipeline.autotests.PipelineFromTemplateTest.pipelineFromTemplateFinishesCorrectly(PipelineFromTemplateTest.java:73)
	at com.epam.pipeline.autotests.PipelineFromTemplateTest.python(PipelineFromTemplateTest.java:56)
	at sun.reflect.NativeMethodAccessorImpl.invoke0(Native Method)
	at sun.reflect.NativeMethodAccessorImpl.invoke(NativeMethodAccessorImpl.java:62)
	at sun.reflect.DelegatingMethodAccessorImpl.invoke(DelegatingMethodAccessorImpl.java:43)
	at java.lang.reflect.Method.invoke(Method.java:498)
	at org.testng.internal.MethodInvocationHelper.invokeMethod(MethodInvocationHelper.java:108)
	at org.testng.internal.Invoker.invokeMethod(Invoker.java:661)
	at org.testng.internal.Invoker.invokeTestMethod(Invoker.java:869)
	at org.testng.internal.Invoker.invokeTestMethods(Invoker.java:1193)
	at org.testng.internal.TestMethodWorker.invokeTestMethods(TestMethodWorker.java:126)
	at org.testng.internal.TestMethodWorker.run(TestMethodWorker.java:109)
	at java.util.concurrent.ThreadPoolExecutor.runWorker(ThreadPoolExecutor.java:1149)
	at java.util.concurrent.ThreadPoolExecutor$Worker.run(ThreadPoolExecutor.java:624)
	at java.lang.Thread.run(Thread.java:748)
Caused by: org.openqa.selenium.NoSuchElementException: Cannot locate an element using task with name Task
For documentation on this error, please visit: http://seleniumhq.org/exceptions/no_such_element.html
Build info: version: '3.8.1', revision: '6e95a6684b', time: '2017-12-01T18:33:54.468Z'
System info: host: 'a5df20e3f13b', ip: '172.17.0.3', os.name: 'Linux', os.arch: 'amd64', os.version: '3.10.0-1127.8.2.el7.x86_64', java.version: '1.8.0_262'
Driver info: driver.version: unknown
	at org.openqa.selenium.By.findElement(By.java:162)
	at org.openqa.selenium.remote.RemoteWebElement.findElement(RemoteWebElement.java:175)
	at com.codeborne.selenide.impl.WebElementSelector.findElement(WebElementSelector.java:29)
	at com.codeborne.selenide.impl.ElementFinder.getWebElement(ElementFinder.java:56)
	at com.codeborne.selenide.impl.WebElementSource.checkCondition(WebElementSource.java:44)
	... 23 more
</pre>
</span>
</div>
<div class="test">
<a name="shell - EPMCMBIBPC-97"></a>
<h3 class="failures">shell - EPMCMBIBPC-97</h3>
<span class="code">
<pre>Element should be status-icon__icon-green {By.className: log__run-title}
Element: '&lt;h1 class=&quot;log__run-title&quot;&gt;Run #6756 - PipelineFromTemplateTest1065638050 (draft-c73a0968) - Logs&lt;/h1&gt;'
Actual value: WORKING
Screenshot: file:/headless/e2e/gui/build/reports/tests/1631014269055.122.png
Page source: file:/headless/e2e/gui/build/reports/tests/1631014269055.122.html
Timeout: 1500 s.
	at com.codeborne.selenide.impl.WebElementSource.checkCondition(WebElementSource.java:66)
	at com.codeborne.selenide.commands.Should.should(Should.java:35)
	at com.codeborne.selenide.commands.Should.execute(Should.java:29)
	at com.codeborne.selenide.commands.Should.execute(Should.java:12)
	at com.codeborne.selenide.commands.Commands.execute(Commands.java:144)
	at com.codeborne.selenide.impl.SelenideElementProxy.dispatchAndRetry(SelenideElementProxy.java:87)
	at com.codeborne.selenide.impl.SelenideElementProxy.invoke(SelenideElementProxy.java:63)
	at com.sun.proxy.$Proxy15.waitUntil(Unknown Source)
	at com.epam.pipeline.autotests.ao.LogAO.waitForCompletion(LogAO.java:72)
	at com.epam.pipeline.autotests.PipelineFromTemplateTest.pipelineFromTemplateFinishesCorrectly(PipelineFromTemplateTest.java:72)
	at com.epam.pipeline.autotests.PipelineFromTemplateTest.shell(PipelineFromTemplateTest.java:50)
	at sun.reflect.NativeMethodAccessorImpl.invoke0(Native Method)
	at sun.reflect.NativeMethodAccessorImpl.invoke(NativeMethodAccessorImpl.java:62)
	at sun.reflect.DelegatingMethodAccessorImpl.invoke(DelegatingMethodAccessorImpl.java:43)
	at java.lang.reflect.Method.invoke(Method.java:498)
	at org.testng.internal.MethodInvocationHelper.invokeMethod(MethodInvocationHelper.java:108)
	at org.testng.internal.Invoker.invokeMethod(Invoker.java:661)
	at org.testng.internal.Invoker.invokeTestMethod(Invoker.java:869)
	at org.testng.internal.Invoker.invokeTestMethods(Invoker.java:1193)
	at org.testng.internal.TestMethodWorker.invokeTestMethods(TestMethodWorker.java:126)
	at org.testng.internal.TestMethodWorker.run(TestMethodWorker.java:109)
	at java.util.concurrent.ThreadPoolExecutor.runWorker(ThreadPoolExecutor.java:1149)
	at java.util.concurrent.ThreadPoolExecutor$Worker.run(ThreadPoolExecutor.java:624)
	at java.lang.Thread.run(Thread.java:748)
</pre>
</span>
</div>
</div>
<div id="tab1" class="tab">
<h2>Tests</h2>
<table>
<thead>
<tr>
<th>Test</th>
<th>Duration</th>
<th>Result</th>
</tr>
</thead>
<tr>
<td class="success">luigi - EPMCMBIBPC-542</td>
<td>15m25.46s</td>
<td class="success">passed</td>
</tr>
<tr>
<td class="failures">python - EPMCMBIBPC-541</td>
<td>18m45.90s</td>
<td class="failures">failed</td>
</tr>
<tr>
<td class="failures">shell - EPMCMBIBPC-97</td>
<td>25m23.04s</td>
<td class="failures">failed</td>
</tr>
<tr>
<td class="success">wdl - EPMCMBIBPC-228</td>
<td>10m0.50s</td>
<td class="success">passed</td>
</tr>
</table>
</div>
</div>
<div id="footer">
<p>
<div>
<label class="hidden" id="label-for-line-wrapping-toggle" for="line-wrapping-toggle">Wrap lines
<input id="line-wrapping-toggle" type="checkbox" autocomplete="off"/>
</label>
</div>Generated by 
<a href="http://www.gradle.org">Gradle 3.4.1</a> at Sep 7, 2021 5:35:52 PM</p>
</div>
</div>
</body>
</html>
