<!DOCTYPE html>
<html>
<head>
<meta http-equiv="Content-Type" content="text/html; charset=utf-8"/>
<meta http-equiv="x-ua-compatible" content="IE=edge"/>
<title>Test results - Class com.epam.pipeline.autotests.DetachedConfigurationsTest</title>
<link href="../css/base-style.css" rel="stylesheet" type="text/css"/>
<link href="../css/style.css" rel="stylesheet" type="text/css"/>
<script src="../js/report.js" type="text/javascript"></script>
</head>
<body>
<div id="content">
<h1>Class com.epam.pipeline.autotests.DetachedConfigurationsTest</h1>
<div class="breadcrumbs">
<a href="../index.html">all</a> &gt; 
<a href="../packages/com.epam.pipeline.autotests.html">com.epam.pipeline.autotests</a> &gt; DetachedConfigurationsTest</div>
<div id="summary">
<table>
<tr>
<td>
<div class="summaryGroup">
<table>
<tr>
<td>
<div class="infoBox" id="tests">
<div class="counter">27</div>
<p>tests</p>
</div>
</td>
<td>
<div class="infoBox" id="failures">
<div class="counter">3</div>
<p>failures</p>
</div>
</td>
<td>
<div class="infoBox" id="ignored">
<div class="counter">9</div>
<p>ignored</p>
</div>
</td>
<td>
<div class="infoBox" id="duration">
<div class="counter">8m24.48s</div>
<p>duration</p>
</div>
</td>
</tr>
</table>
</div>
</td>
<td>
<div class="infoBox failures" id="successRate">
<div class="percent">83%</div>
<p>successful</p>
</div>
</td>
</tr>
</table>
</div>
<div id="tabs">
<ul class="tabLinks">
<li>
<a href="#tab0">Failed tests</a>
</li>
<li>
<a href="#tab1">Tests</a>
</li>
<li>
<a href="#tab2">Standard output</a>
</li>
</ul>
<div id="tab0" class="tab">
<h2>Failed tests</h2>
<div class="test">
<a name="exitWithoutSavingValidation - EPMCMBIBPC-1113"></a>
<h3 class="failures">exitWithoutSavingValidation - EPMCMBIBPC-1113</h3>
<span class="code">
<pre>Element should text 'Spot' {combo box of By.xpath: (//*[contains(@class, 'form-item') and .//*[contains(@class, 'ant-form-item-label') and .//*[contains(text(), 'Price type')]]])[last()]}
Element: '&lt;div class=&quot;ant-select-selection__rendered&quot;&gt;On-demand&lt;/div&gt;'
Screenshot: file:/headless/e2e/gui/build/reports/tests/1612256770535.100.png
Page source: file:/headless/e2e/gui/build/reports/tests/1612256770535.100.html
Timeout: 80 s.
	at com.codeborne.selenide.impl.WebElementSource.checkCondition(WebElementSource.java:66)
	at com.codeborne.selenide.commands.Should.should(Should.java:35)
	at com.codeborne.selenide.commands.Should.execute(Should.java:29)
	at com.codeborne.selenide.commands.Should.execute(Should.java:12)
	at com.codeborne.selenide.commands.Commands.execute(Commands.java:144)
	at com.codeborne.selenide.impl.SelenideElementProxy.dispatchAndRetry(SelenideElementProxy.java:87)
	at com.codeborne.selenide.impl.SelenideElementProxy.invoke(SelenideElementProxy.java:63)
	at com.sun.proxy.$Proxy15.should(Unknown Source)
	at com.epam.pipeline.autotests.ao.AccessObject.ensure(AccessObject.java:227)
	at com.epam.pipeline.autotests.DetachedConfigurationsTest.lambda$exitWithoutSavingValidation$9(DetachedConfigurationsTest.java:258)
	at com.epam.pipeline.autotests.ao.PipelinesLibraryAO.configurationWithin(PipelinesLibraryAO.java:420)
	at com.epam.pipeline.autotests.DetachedConfigurationsTest.exitWithoutSavingValidation(DetachedConfigurationsTest.java:253)
	at sun.reflect.NativeMethodAccessorImpl.invoke0(Native Method)
	at sun.reflect.NativeMethodAccessorImpl.invoke(NativeMethodAccessorImpl.java:62)
	at sun.reflect.DelegatingMethodAccessorImpl.invoke(DelegatingMethodAccessorImpl.java:43)
	at java.lang.reflect.Method.invoke(Method.java:498)
	at org.testng.internal.MethodInvocationHelper.invokeMethod(MethodInvocationHelper.java:108)
	at org.testng.internal.Invoker.invokeMethod(Invoker.java:661)
	at org.testng.internal.Invoker.invokeTestMethod(Invoker.java:869)
	at org.testng.internal.Invoker.invokeTestMethods(Invoker.java:1193)
	at org.testng.internal.TestMethodWorker.invokeTestMethods(TestMethodWorker.java:126)
	at org.testng.internal.TestMethodWorker.run(TestMethodWorker.java:109)
	at java.util.concurrent.ThreadPoolExecutor.runWorker(ThreadPoolExecutor.java:1149)
	at java.util.concurrent.ThreadPoolExecutor$Worker.run(ThreadPoolExecutor.java:624)
	at java.lang.Thread.run(Thread.java:748)
</pre>
</span>
</div>
<div class="test">
<a name="priceTypeValidation - EPMCMBIBPC-1516"></a>
<h3 class="failures">priceTypeValidation - EPMCMBIBPC-1516</h3>
<span class="code">
<pre>Element not found {By.className: launch-pipeline-form__code-editor}
Expected: visible
Screenshot: file:/headless/e2e/gui/build/reports/tests/1612256856905.101.png
Page source: file:/headless/e2e/gui/build/reports/tests/1612256856905.101.html
Timeout: 80 s.
Caused by: NoSuchElementException: no such element: Unable to locate element: {&quot;method&quot;:&quot;class name&quot;,&quot;selector&quot;:&quot;launch-pipeline-form__code-editor&quot;}
	at com.codeborne.selenide.impl.WebElementSource.createElementNotFoundError(WebElementSource.java:31)
	at com.codeborne.selenide.impl.ElementFinder.createElementNotFoundError(ElementFinder.java:82)
	at com.codeborne.selenide.impl.WebElementSource.checkCondition(WebElementSource.java:59)
	at com.codeborne.selenide.commands.Should.should(Should.java:35)
	at com.codeborne.selenide.commands.Should.execute(Should.java:29)
	at com.codeborne.selenide.commands.Should.execute(Should.java:12)
	at com.codeborne.selenide.commands.Commands.execute(Commands.java:144)
	at com.codeborne.selenide.impl.SelenideElementProxy.dispatchAndRetry(SelenideElementProxy.java:87)
	at com.codeborne.selenide.impl.SelenideElementProxy.invoke(SelenideElementProxy.java:63)
	at com.sun.proxy.$Proxy15.should(Unknown Source)
	at com.epam.pipeline.autotests.ao.AccessObject.ensure(AccessObject.java:190)
	at com.epam.pipeline.autotests.DetachedConfigurationsTest.lambda$priceTypeValidation$27(DetachedConfigurationsTest.java:440)
	at com.epam.pipeline.autotests.ao.PipelinesLibraryAO.configurationWithin(PipelinesLibraryAO.java:420)
	at com.epam.pipeline.autotests.DetachedConfigurationsTest.priceTypeValidation(DetachedConfigurationsTest.java:436)
	at sun.reflect.NativeMethodAccessorImpl.invoke0(Native Method)
	at sun.reflect.NativeMethodAccessorImpl.invoke(NativeMethodAccessorImpl.java:62)
	at sun.reflect.DelegatingMethodAccessorImpl.invoke(DelegatingMethodAccessorImpl.java:43)
	at java.lang.reflect.Method.invoke(Method.java:498)
	at org.testng.internal.MethodInvocationHelper.invokeMethod(MethodInvocationHelper.java:108)
	at org.testng.internal.Invoker.invokeMethod(Invoker.java:661)
	at org.testng.internal.Invoker.invokeTestMethod(Invoker.java:869)
	at org.testng.internal.Invoker.invokeTestMethods(Invoker.java:1193)
	at org.testng.internal.TestMethodWorker.invokeTestMethods(TestMethodWorker.java:126)
	at org.testng.internal.TestMethodWorker.run(TestMethodWorker.java:109)
	at java.util.concurrent.ThreadPoolExecutor.runWorker(ThreadPoolExecutor.java:1149)
	at java.util.concurrent.ThreadPoolExecutor$Worker.run(ThreadPoolExecutor.java:624)
	at java.lang.Thread.run(Thread.java:748)
Caused by: org.openqa.selenium.NoSuchElementException: no such element: Unable to locate element: {&quot;method&quot;:&quot;class name&quot;,&quot;selector&quot;:&quot;launch-pipeline-form__code-editor&quot;}
  (Session info: chrome=63.0.3239.132)
  (Driver info: chromedriver=2.36.540471 (9c759b81a907e70363c6312294d30b6ccccc2752),platform=Linux 3.10.0-1127.8.2.el7.x86_64 x86_64) (WARNING: The server did not provide any stacktrace information)
Command duration or timeout: 0 milliseconds
For documentation on this error, please visit: http://seleniumhq.org/exceptions/no_such_element.html
Build info: version: '3.8.1', revision: '6e95a6684b', time: '2017-12-01T18:33:54.468Z'
System info: host: 'bfd00015ef3c', ip: '172.17.0.2', os.name: 'Linux', os.arch: 'amd64', os.version: '3.10.0-1127.8.2.el7.x86_64', java.version: '1.8.0_262'
Driver info: org.openqa.selenium.chrome.ChromeDriver
Capabilities {acceptInsecureCerts: false, acceptSslCerts: false, applicationCacheEnabled: false, browserConnectionEnabled: false, browserName: chrome, chrome: {chromedriverVersion: 2.36.540471 (9c759b81a907e7..., userDataDir: /tmp/.org.chromium.Chromium...}, cssSelectorsEnabled: true, databaseEnabled: false, handlesAlerts: true, hasTouchScreen: false, javascriptEnabled: true, locationContextEnabled: true, mobileEmulationEnabled: false, nativeEvents: true, networkConnectionEnabled: false, pageLoadStrategy: normal, platform: LINUX, platformName: LINUX, rotatable: false, setWindowRect: true, takesHeapSnapshot: true, takesScreenshot: true, unexpectedAlertBehaviour: , unhandledPromptBehavior: , version: 63.0.3239.132, webStorageEnabled: true}
Session ID: ed76672c24080d29099a38ed79d9fbc4
*** Element info: {Using=class name, value=launch-pipeline-form__code-editor}
	at sun.reflect.GeneratedConstructorAccessor14.newInstance(Unknown Source)
	at sun.reflect.DelegatingConstructorAccessorImpl.newInstance(DelegatingConstructorAccessorImpl.java:45)
	at java.lang.reflect.Constructor.newInstance(Constructor.java:423)
	at org.openqa.selenium.remote.ErrorHandler.createThrowable(ErrorHandler.java:214)
	at org.openqa.selenium.remote.ErrorHandler.throwIfResponseFailed(ErrorHandler.java:166)
	at org.openqa.selenium.remote.http.JsonHttpResponseCodec.reconstructValue(JsonHttpResponseCodec.java:40)
	at org.openqa.selenium.remote.http.AbstractHttpResponseCodec.decode(AbstractHttpResponseCodec.java:80)
	at org.openqa.selenium.remote.http.AbstractHttpResponseCodec.decode(AbstractHttpResponseCodec.java:44)
	at org.openqa.selenium.remote.HttpCommandExecutor.execute(HttpCommandExecutor.java:164)
	at org.openqa.selenium.remote.service.DriverCommandExecutor.execute(DriverCommandExecutor.java:83)
	at org.openqa.selenium.remote.RemoteWebDriver.execute(RemoteWebDriver.java:601)
	at org.openqa.selenium.remote.RemoteWebElement.execute(RemoteWebElement.java:279)
	at org.openqa.selenium.remote.RemoteWebElement.findElement(RemoteWebElement.java:179)
	at org.openqa.selenium.remote.RemoteWebElement.findElementByClassName(RemoteWebElement.java:239)
	at org.openqa.selenium.By$ByClassName.findElement(By.java:391)
	at org.openqa.selenium.remote.RemoteWebElement.findElement(RemoteWebElement.java:175)
	at com.codeborne.selenide.impl.WebElementSelector.findElement(WebElementSelector.java:29)
	at com.codeborne.selenide.impl.ElementFinder.getWebElement(ElementFinder.java:56)
	at com.codeborne.selenide.impl.WebElementSource.checkCondition(WebElementSource.java:44)
	... 24 more
</pre>
</span>
</div>
<div class="test">
<a name="validationPriceTypeFieldForClusterRun - EPMCMBIBPC-1545"></a>
<h3 class="failures">validationPriceTypeFieldForClusterRun - EPMCMBIBPC-1545</h3>
<span class="code">
<pre>Element not found {with text: Spot}
Expected: visible
Screenshot: file:/headless/e2e/gui/build/reports/tests/1612257062244.102.png
Page source: file:/headless/e2e/gui/build/reports/tests/1612257062244.102.html
Timeout: 80 s.
Caused by: NoSuchElementException: no such element: Unable to locate element: {&quot;method&quot;:&quot;xpath&quot;,&quot;selector&quot;:&quot;.//*/text()[contains(normalize-space(translate(string(.), '
	at com.codeborne.selenide.impl.WebElementSource.createElementNotFoundError(WebElementSource.java:31)
	at com.codeborne.selenide.impl.ElementFinder.createElementNotFoundError(ElementFinder.java:82)
	at com.codeborne.selenide.impl.WebElementSource.checkCondition(WebElementSource.java:59)
	at com.codeborne.selenide.commands.Should.should(Should.java:35)
	at com.codeborne.selenide.commands.Should.execute(Should.java:29)
	at com.codeborne.selenide.commands.Should.execute(Should.java:12)
	at com.codeborne.selenide.commands.Commands.execute(Commands.java:144)
	at com.codeborne.selenide.impl.SelenideElementProxy.dispatchAndRetry(SelenideElementProxy.java:87)
	at com.codeborne.selenide.impl.SelenideElementProxy.invoke(SelenideElementProxy.java:63)
	at com.sun.proxy.$Proxy15.shouldBe(Unknown Source)
	at com.epam.pipeline.autotests.ao.AccessObject.selectValue(AccessObject.java:502)
	at com.epam.pipeline.autotests.ao.AccessObject.selectValue(AccessObject.java:490)
	at com.epam.pipeline.autotests.DetachedConfigurationsTest.lambda$validationPriceTypeFieldForClusterRun$51(DetachedConfigurationsTest.java:712)
	at com.epam.pipeline.autotests.ao.PipelinesLibraryAO.configurationWithin(PipelinesLibraryAO.java:420)
	at com.epam.pipeline.autotests.DetachedConfigurationsTest.validationPriceTypeFieldForClusterRun(DetachedConfigurationsTest.java:707)
	at sun.reflect.NativeMethodAccessorImpl.invoke0(Native Method)
	at sun.reflect.NativeMethodAccessorImpl.invoke(NativeMethodAccessorImpl.java:62)
	at sun.reflect.DelegatingMethodAccessorImpl.invoke(DelegatingMethodAccessorImpl.java:43)
	at java.lang.reflect.Method.invoke(Method.java:498)
	at org.testng.internal.MethodInvocationHelper.invokeMethod(MethodInvocationHelper.java:108)
	at org.testng.internal.Invoker.invokeMethod(Invoker.java:661)
	at org.testng.internal.Invoker.invokeTestMethod(Invoker.java:869)
	at org.testng.internal.Invoker.invokeTestMethods(Invoker.java:1193)
	at org.testng.internal.TestMethodWorker.invokeTestMethods(TestMethodWorker.java:126)
	at org.testng.internal.TestMethodWorker.run(TestMethodWorker.java:109)
	at java.util.concurrent.ThreadPoolExecutor.runWorker(ThreadPoolExecutor.java:1149)
	at java.util.concurrent.ThreadPoolExecutor$Worker.run(ThreadPoolExecutor.java:624)
	at java.lang.Thread.run(Thread.java:748)
Caused by: org.openqa.selenium.NoSuchElementException: no such element: Unable to locate element: {&quot;method&quot;:&quot;xpath&quot;,&quot;selector&quot;:&quot;.//*/text()[contains(normalize-space(translate(string(.), '	
 ', '    ')), &quot;Spot&quot;)]/parent::*&quot;}
  (Session info: chrome=63.0.3239.132)
  (Driver info: chromedriver=2.36.540471 (9c759b81a907e70363c6312294d30b6ccccc2752),platform=Linux 3.10.0-1127.8.2.el7.x86_64 x86_64) (WARNING: The server did not provide any stacktrace information)
Command duration or timeout: 0 milliseconds
For documentation on this error, please visit: http://seleniumhq.org/exceptions/no_such_element.html
Build info: version: '3.8.1', revision: '6e95a6684b', time: '2017-12-01T18:33:54.468Z'
System info: host: 'bfd00015ef3c', ip: '172.17.0.2', os.name: 'Linux', os.arch: 'amd64', os.version: '3.10.0-1127.8.2.el7.x86_64', java.version: '1.8.0_262'
Driver info: org.openqa.selenium.chrome.ChromeDriver
Capabilities {acceptInsecureCerts: false, acceptSslCerts: false, applicationCacheEnabled: false, browserConnectionEnabled: false, browserName: chrome, chrome: {chromedriverVersion: 2.36.540471 (9c759b81a907e7..., userDataDir: /tmp/.org.chromium.Chromium...}, cssSelectorsEnabled: true, databaseEnabled: false, handlesAlerts: true, hasTouchScreen: false, javascriptEnabled: true, locationContextEnabled: true, mobileEmulationEnabled: false, nativeEvents: true, networkConnectionEnabled: false, pageLoadStrategy: normal, platform: LINUX, platformName: LINUX, rotatable: false, setWindowRect: true, takesHeapSnapshot: true, takesScreenshot: true, unexpectedAlertBehaviour: , unhandledPromptBehavior: , version: 63.0.3239.132, webStorageEnabled: true}
Session ID: ed76672c24080d29099a38ed79d9fbc4
*** Element info: {Using=xpath, value=.//*/text()[contains(normalize-space(translate(string(.), '	
 ', '    ')), &quot;Spot&quot;)]/parent::*}
	at sun.reflect.GeneratedConstructorAccessor14.newInstance(Unknown Source)
	at sun.reflect.DelegatingConstructorAccessorImpl.newInstance(DelegatingConstructorAccessorImpl.java:45)
	at java.lang.reflect.Constructor.newInstance(Constructor.java:423)
	at org.openqa.selenium.remote.ErrorHandler.createThrowable(ErrorHandler.java:214)
	at org.openqa.selenium.remote.ErrorHandler.throwIfResponseFailed(ErrorHandler.java:166)
	at org.openqa.selenium.remote.http.JsonHttpResponseCodec.reconstructValue(JsonHttpResponseCodec.java:40)
	at org.openqa.selenium.remote.http.AbstractHttpResponseCodec.decode(AbstractHttpResponseCodec.java:80)
	at org.openqa.selenium.remote.http.AbstractHttpResponseCodec.decode(AbstractHttpResponseCodec.java:44)
	at org.openqa.selenium.remote.HttpCommandExecutor.execute(HttpCommandExecutor.java:164)
	at org.openqa.selenium.remote.service.DriverCommandExecutor.execute(DriverCommandExecutor.java:83)
	at org.openqa.selenium.remote.RemoteWebDriver.execute(RemoteWebDriver.java:601)
	at org.openqa.selenium.remote.RemoteWebElement.execute(RemoteWebElement.java:279)
	at org.openqa.selenium.remote.RemoteWebElement.findElement(RemoteWebElement.java:179)
	at org.openqa.selenium.remote.RemoteWebElement.findElementByXPath(RemoteWebElement.java:255)
	at org.openqa.selenium.By$ByXPath.findElement(By.java:361)
	at org.openqa.selenium.remote.RemoteWebElement.findElement(RemoteWebElement.java:175)
	at com.codeborne.selenide.impl.WebElementSelector.findElement(WebElementSelector.java:29)
	at com.codeborne.selenide.impl.ElementFinder.getWebElement(ElementFinder.java:56)
	at com.codeborne.selenide.impl.WebElementSource.checkCondition(WebElementSource.java:44)
	... 25 more
</pre>
</span>
</div>
</div>
<div id="tab1" class="tab">
<h2>Tests</h2>
<table>
<thead>
<tr>
<th>Test</th>
<th>Duration</th>
<th>Result</th>
</tr>
</thead>
<tr>
<td class="success">addParameterToDetachedConfiguration - EPMCMBIBPC-1601</td>
<td>13.907s</td>
<td class="success">passed</td>
</tr>
<tr>
<td class="skipped">changeSecondConfigurationProfilePipeline</td>
<td>-</td>
<td class="skipped">ignored</td>
</tr>
<tr>
<td class="success">changesValidationInAttachedPipelineConfiguration - EPMCMBIBPC-1544</td>
<td>23.838s</td>
<td class="success">passed</td>
</tr>
<tr>
<td class="success">checkPipelineConfigAfterChangesInDetachedConfig - EPMCMBIBPC-1141</td>
<td>7.054s</td>
<td class="success">passed</td>
</tr>
<tr>
<td class="skipped">configurationChangingValidation</td>
<td>-</td>
<td class="skipped">ignored</td>
</tr>
<tr>
<td class="skipped">configurationProfileSetAsDefaultBehaviour</td>
<td>-</td>
<td class="skipped">ignored</td>
</tr>
<tr>
<td class="skipped">configurationRenamingValidation</td>
<td>-</td>
<td class="skipped">ignored</td>
</tr>
<tr>
<td class="skipped">configurationSavingValidation</td>
<td>-</td>
<td class="skipped">ignored</td>
</tr>
<tr>
<td class="success">deleteDetachedConfigurationValidation - EPMCMBIBPC-1604</td>
<td>3.909s</td>
<td class="success">passed</td>
</tr>
<tr>
<td class="success">detachedConfigurationCreatingPopupFocusValidation - EPMCMBIBPC-1493</td>
<td>6.017s</td>
<td class="success">passed</td>
</tr>
<tr>
<td class="success">detachedConfigurationCreatingValidation - EPMCMBIBPC-1185</td>
<td>14.531s</td>
<td class="success">passed</td>
</tr>
<tr>
<td class="success">detachedConfigurationEditionPopupFocusValidation - EPMCMBIBPC-1495</td>
<td>16.065s</td>
<td class="success">passed</td>
</tr>
<tr>
<td class="success">detachedConfigurationProfileAdditionPopupFocusValidation - EPMCMBIBPC-1496</td>
<td>4.086s</td>
<td class="success">passed</td>
</tr>
<tr>
<td class="success">dockerImageSelection - EPMCMBIBPC-1494</td>
<td>18.530s</td>
<td class="success">passed</td>
</tr>
<tr>
<td class="failures">exitWithoutSavingValidation - EPMCMBIBPC-1113</td>
<td>1m22.66s</td>
<td class="failures">failed</td>
</tr>
<tr>
<td class="skipped">fieldsEditingProhibitionValidation</td>
<td>-</td>
<td class="skipped">ignored</td>
</tr>
<tr>
<td class="skipped">groupAdditionValidation</td>
<td>-</td>
<td class="skipped">ignored</td>
</tr>
<tr>
<td class="success">pipelineAdditionValidation - EPMCMBIBPC-1112</td>
<td>9.404s</td>
<td class="success">passed</td>
</tr>
<tr>
<td class="failures">priceTypeValidation - EPMCMBIBPC-1516</td>
<td>1m22.27s</td>
<td class="failures">failed</td>
</tr>
<tr>
<td class="skipped">secondConfigurationProfileAddition</td>
<td>-</td>
<td class="skipped">ignored</td>
</tr>
<tr>
<td class="skipped">templatesListContainsAllProfiles</td>
<td>-</td>
<td class="skipped">ignored</td>
</tr>
<tr>
<td class="success">validateDetachConfigBehaviorIfUserChangesBasePipelineConfig - EPMCMBIBPC-1151</td>
<td>35.196s</td>
<td class="success">passed</td>
</tr>
<tr>
<td class="success">validateRunClusterFromDetachConfiguration - EPMCMBIBPC-1147</td>
<td>25.582s</td>
<td class="success">passed</td>
</tr>
<tr>
<td class="success">validateRunSingleConfigFromDetachedConfiguration - EPMCMBIBPC-1146</td>
<td>18.313s</td>
<td class="success">passed</td>
</tr>
<tr>
<td class="success">validationOfConfigWithEmptyParametersInDetachConfiguration - EPMCMBIBPC-1140</td>
<td>33.907s</td>
<td class="success">passed</td>
</tr>
<tr>
<td class="success">validationOfConfigWithNonEmptyParametersInDetachConfiguration - EPMCMBIBPC-1611</td>
<td>23.929s</td>
<td class="success">passed</td>
</tr>
<tr>
<td class="failures">validationPriceTypeFieldForClusterRun - EPMCMBIBPC-1545</td>
<td>1m25.28s</td>
<td class="failures">failed</td>
</tr>
</table>
</div>
<div id="tab2" class="tab">
<h2>Standard output</h2>
<span class="code">
<pre>Returns latest run with runId 57155 from [57155]
Returns latest run with runId 57155 from [57155]
Returns latest run with runId 57155 from [57155]
Returns latest run with runId 57155 from [57155]
Returns latest run with runId 57155 from [57155]
Returns latest run with runId 57155 from [57155]
Returns latest run with runId 57157 from [57155, 57157]
Returns latest run with runId 57157 from [57155, 57157]
Returns latest run with runId 57158 from [57155, 57157, 57158]
Returns latest run with runId 57158 from [57155, 57157, 57158]
Returns latest run with runId 57158 from [57155, 57157, 57158]
Returns latest run with runId 57158 from [57155, 57157, 57158]
</pre>
</span>
</div>
</div>
<div id="footer">
<p>
<div>
<label class="hidden" id="label-for-line-wrapping-toggle" for="line-wrapping-toggle">Wrap lines
<input id="line-wrapping-toggle" type="checkbox" autocomplete="off"/>
</label>
</div>Generated by 
<a href="http://www.gradle.org">Gradle 3.4.1</a> at Feb 2, 2021 1:36:34 PM</p>
</div>
</div>
</body>
</html>
