<!DOCTYPE html>
<html>
<head>
<meta http-equiv="Content-Type" content="text/html; charset=utf-8"/>
<meta http-equiv="x-ua-compatible" content="IE=edge"/>
<title>Test results - Class com.epam.pipeline.autotests.ToolsScanTest</title>
<link href="../css/base-style.css" rel="stylesheet" type="text/css"/>
<link href="../css/style.css" rel="stylesheet" type="text/css"/>
<script src="../js/report.js" type="text/javascript"></script>
</head>
<body>
<div id="content">
<h1>Class com.epam.pipeline.autotests.ToolsScanTest</h1>
<div class="breadcrumbs">
<a href="../index.html">all</a> &gt; 
<a href="../packages/com.epam.pipeline.autotests.html">com.epam.pipeline.autotests</a> &gt; ToolsScanTest</div>
<div id="summary">
<table>
<tr>
<td>
<div class="summaryGroup">
<table>
<tr>
<td>
<div class="infoBox" id="tests">
<div class="counter">7</div>
<p>tests</p>
</div>
</td>
<td>
<div class="infoBox" id="failures">
<div class="counter">5</div>
<p>failures</p>
</div>
</td>
<td>
<div class="infoBox" id="ignored">
<div class="counter">2</div>
<p>ignored</p>
</div>
</td>
<td>
<div class="infoBox" id="duration">
<div class="counter">9m28.70s</div>
<p>duration</p>
</div>
</td>
</tr>
</table>
</div>
</td>
<td>
<div class="infoBox failures" id="successRate">
<div class="percent">0%</div>
<p>successful</p>
</div>
</td>
</tr>
</table>
</div>
<div id="tabs">
<ul class="tabLinks">
<li>
<a href="#tab0">Failed tests</a>
</li>
<li>
<a href="#tab1">Tests</a>
</li>
</ul>
<div id="tab0" class="tab">
<h2>Failed tests</h2>
<div class="test">
<a name="denyNotScannedToolOptionValidation - EPMCMBIBPC-2004"></a>
<h3 class="failures">denyNotScannedToolOptionValidation - EPMCMBIBPC-2004</h3>
<span class="code">
<pre>Element not found {visible(By.className: ant-dropdown-menu)}
Expected: exist
Screenshot: file:/headless/e2e/gui/build/reports/tests/1607957466567.79.png
Page source: file:/headless/e2e/gui/build/reports/tests/1607957466567.79.html
Timeout: 80 s.
Caused by: NoSuchElementException: Cannot locate an element using visible(By.className: ant-dropdown-menu)
	at com.codeborne.selenide.impl.WebElementSource.createElementNotFoundError(WebElementSource.java:31)
	at com.codeborne.selenide.impl.ElementFinder.createElementNotFoundError(ElementFinder.java:82)
	at com.codeborne.selenide.impl.WebElementSource.checkCondition(WebElementSource.java:59)
	at com.codeborne.selenide.commands.Should.should(Should.java:35)
	at com.codeborne.selenide.commands.Should.execute(Should.java:29)
	at com.codeborne.selenide.commands.Should.execute(Should.java:12)
	at com.codeborne.selenide.commands.Commands.execute(Commands.java:144)
	at com.codeborne.selenide.impl.SelenideElementProxy.dispatchAndRetry(SelenideElementProxy.java:87)
	at com.codeborne.selenide.impl.SelenideElementProxy.invoke(SelenideElementProxy.java:63)
	at com.sun.proxy.$Proxy13.should(Unknown Source)
	at com.codeborne.selenide.impl.ElementFinder.createElementNotFoundError(ElementFinder.java:76)
	at com.codeborne.selenide.impl.WebElementSource.checkCondition(WebElementSource.java:59)
	at com.codeborne.selenide.commands.Should.should(Should.java:35)
	at com.codeborne.selenide.commands.Should.execute(Should.java:29)
	at com.codeborne.selenide.commands.Should.execute(Should.java:12)
	at com.codeborne.selenide.commands.Commands.execute(Commands.java:144)
	at com.codeborne.selenide.impl.SelenideElementProxy.dispatchAndRetry(SelenideElementProxy.java:87)
	at com.codeborne.selenide.impl.SelenideElementProxy.invoke(SelenideElementProxy.java:63)
	at com.sun.proxy.$Proxy13.shouldBe(Unknown Source)
	at com.epam.pipeline.autotests.ao.AccessObject.click(AccessObject.java:100)
	at com.epam.pipeline.autotests.ao.ToolTab.delete(ToolTab.java:148)
	at com.epam.pipeline.autotests.ToolsScanTest.lambda$deleteTool$17(ToolsScanTest.java:313)
	at com.epam.pipeline.autotests.ao.ToolGroup.tool(ToolGroup.java:61)
	at com.epam.pipeline.autotests.ToolsScanTest.deleteTool(ToolsScanTest.java:312)
	at com.epam.pipeline.autotests.ao.AccessObject.performIf(AccessObject.java:345)
	at com.epam.pipeline.autotests.ao.AccessObject.performIf(AccessObject.java:338)
	at com.epam.pipeline.autotests.ao.AccessObject.performIf(AccessObject.java:327)
	at com.epam.pipeline.autotests.ToolsScanTest.lambda$denyNotScannedToolOptionValidation$6(ToolsScanTest.java:191)
	at com.epam.pipeline.autotests.ao.Registry.group(Registry.java:55)
	at com.epam.pipeline.autotests.ao.ToolsPage.lambda$perform$5(ToolsPage.java:121)
	at com.epam.pipeline.autotests.ao.ToolsPage.registry(ToolsPage.java:133)
	at com.epam.pipeline.autotests.ao.ToolsPage.perform(ToolsPage.java:120)
	at com.epam.pipeline.autotests.ToolsScanTest.denyNotScannedToolOptionValidation(ToolsScanTest.java:189)
	at sun.reflect.NativeMethodAccessorImpl.invoke0(Native Method)
	at sun.reflect.NativeMethodAccessorImpl.invoke(NativeMethodAccessorImpl.java:62)
	at sun.reflect.DelegatingMethodAccessorImpl.invoke(DelegatingMethodAccessorImpl.java:43)
	at java.lang.reflect.Method.invoke(Method.java:498)
	at org.testng.internal.MethodInvocationHelper.invokeMethod(MethodInvocationHelper.java:108)
	at org.testng.internal.Invoker.invokeMethod(Invoker.java:661)
	at org.testng.internal.Invoker.invokeTestMethod(Invoker.java:869)
	at org.testng.internal.Invoker.invokeTestMethods(Invoker.java:1193)
	at org.testng.internal.TestMethodWorker.invokeTestMethods(TestMethodWorker.java:126)
	at org.testng.internal.TestMethodWorker.run(TestMethodWorker.java:109)
	at java.util.concurrent.ThreadPoolExecutor.runWorker(ThreadPoolExecutor.java:1149)
	at java.util.concurrent.ThreadPoolExecutor$Worker.run(ThreadPoolExecutor.java:624)
	at java.lang.Thread.run(Thread.java:748)
Caused by: org.openqa.selenium.NoSuchElementException: Cannot locate an element using visible(By.className: ant-dropdown-menu)
For documentation on this error, please visit: http://seleniumhq.org/exceptions/no_such_element.html
Build info: version: '3.8.1', revision: '6e95a6684b', time: '2017-12-01T18:33:54.468Z'
System info: host: '45fb5b362e77', ip: '172.17.0.3', os.name: 'Linux', os.arch: 'amd64', os.version: '3.10.0-1127.8.2.el7.x86_64', java.version: '1.8.0_262'
Driver info: driver.version: RemoteWebDriver
	at org.openqa.selenium.By.findElement(By.java:162)
	at org.openqa.selenium.remote.RemoteWebDriver.findElement(RemoteWebDriver.java:363)
	at com.codeborne.selenide.impl.WebElementSelector.findElement(WebElementSelector.java:29)
	at com.codeborne.selenide.impl.ElementFinder.getWebElement(ElementFinder.java:56)
	at com.codeborne.selenide.impl.WebElementSource.checkCondition(WebElementSource.java:44)
	... 43 more
</pre>
</span>
</div>
<div class="test">
<a name="gracePeriodOptionValidation - EPMCMBIBPC-2629"></a>
<h3 class="failures">gracePeriodOptionValidation - EPMCMBIBPC-2629</h3>
<span class="code">
<pre>Element not found {visible(By.className: ant-dropdown-menu)}
Expected: exist
Screenshot: file:/headless/e2e/gui/build/reports/tests/1607957583350.81.png
Page source: file:/headless/e2e/gui/build/reports/tests/1607957583350.81.html
Timeout: 80 s.
Caused by: NoSuchElementException: Cannot locate an element using visible(By.className: ant-dropdown-menu)
	at com.codeborne.selenide.impl.WebElementSource.createElementNotFoundError(WebElementSource.java:31)
	at com.codeborne.selenide.impl.ElementFinder.createElementNotFoundError(ElementFinder.java:82)
	at com.codeborne.selenide.impl.WebElementSource.checkCondition(WebElementSource.java:59)
	at com.codeborne.selenide.commands.Should.should(Should.java:35)
	at com.codeborne.selenide.commands.Should.execute(Should.java:29)
	at com.codeborne.selenide.commands.Should.execute(Should.java:12)
	at com.codeborne.selenide.commands.Commands.execute(Commands.java:144)
	at com.codeborne.selenide.impl.SelenideElementProxy.dispatchAndRetry(SelenideElementProxy.java:87)
	at com.codeborne.selenide.impl.SelenideElementProxy.invoke(SelenideElementProxy.java:63)
	at com.sun.proxy.$Proxy13.should(Unknown Source)
	at com.codeborne.selenide.impl.ElementFinder.createElementNotFoundError(ElementFinder.java:76)
	at com.codeborne.selenide.impl.WebElementSource.checkCondition(WebElementSource.java:59)
	at com.codeborne.selenide.commands.Should.should(Should.java:35)
	at com.codeborne.selenide.commands.Should.execute(Should.java:29)
	at com.codeborne.selenide.commands.Should.execute(Should.java:12)
	at com.codeborne.selenide.commands.Commands.execute(Commands.java:144)
	at com.codeborne.selenide.impl.SelenideElementProxy.dispatchAndRetry(SelenideElementProxy.java:87)
	at com.codeborne.selenide.impl.SelenideElementProxy.invoke(SelenideElementProxy.java:63)
	at com.sun.proxy.$Proxy13.shouldBe(Unknown Source)
	at com.epam.pipeline.autotests.ao.AccessObject.click(AccessObject.java:100)
	at com.epam.pipeline.autotests.ao.ToolTab.delete(ToolTab.java:148)
	at com.epam.pipeline.autotests.ToolsScanTest.lambda$deleteTool$17(ToolsScanTest.java:313)
	at com.epam.pipeline.autotests.ao.ToolGroup.tool(ToolGroup.java:61)
	at com.epam.pipeline.autotests.ToolsScanTest.deleteTool(ToolsScanTest.java:312)
	at com.epam.pipeline.autotests.ao.AccessObject.performIf(AccessObject.java:345)
	at com.epam.pipeline.autotests.ao.AccessObject.performIf(AccessObject.java:338)
	at com.epam.pipeline.autotests.ao.AccessObject.performIf(AccessObject.java:327)
	at com.epam.pipeline.autotests.ToolsScanTest.lambda$gracePeriodOptionValidation$9(ToolsScanTest.java:226)
	at com.epam.pipeline.autotests.ao.Registry.group(Registry.java:55)
	at com.epam.pipeline.autotests.ao.ToolsPage.lambda$perform$5(ToolsPage.java:121)
	at com.epam.pipeline.autotests.ao.ToolsPage.registry(ToolsPage.java:133)
	at com.epam.pipeline.autotests.ao.ToolsPage.perform(ToolsPage.java:120)
	at com.epam.pipeline.autotests.ToolsScanTest.gracePeriodOptionValidation(ToolsScanTest.java:224)
	at sun.reflect.NativeMethodAccessorImpl.invoke0(Native Method)
	at sun.reflect.NativeMethodAccessorImpl.invoke(NativeMethodAccessorImpl.java:62)
	at sun.reflect.DelegatingMethodAccessorImpl.invoke(DelegatingMethodAccessorImpl.java:43)
	at java.lang.reflect.Method.invoke(Method.java:498)
	at org.testng.internal.MethodInvocationHelper.invokeMethod(MethodInvocationHelper.java:108)
	at org.testng.internal.Invoker.invokeMethod(Invoker.java:661)
	at org.testng.internal.Invoker.invokeTestMethod(Invoker.java:869)
	at org.testng.internal.Invoker.invokeTestMethods(Invoker.java:1193)
	at org.testng.internal.TestMethodWorker.invokeTestMethods(TestMethodWorker.java:126)
	at org.testng.internal.TestMethodWorker.run(TestMethodWorker.java:109)
	at java.util.concurrent.ThreadPoolExecutor.runWorker(ThreadPoolExecutor.java:1149)
	at java.util.concurrent.ThreadPoolExecutor$Worker.run(ThreadPoolExecutor.java:624)
	at java.lang.Thread.run(Thread.java:748)
Caused by: org.openqa.selenium.NoSuchElementException: Cannot locate an element using visible(By.className: ant-dropdown-menu)
For documentation on this error, please visit: http://seleniumhq.org/exceptions/no_such_element.html
Build info: version: '3.8.1', revision: '6e95a6684b', time: '2017-12-01T18:33:54.468Z'
System info: host: '45fb5b362e77', ip: '172.17.0.3', os.name: 'Linux', os.arch: 'amd64', os.version: '3.10.0-1127.8.2.el7.x86_64', java.version: '1.8.0_262'
Driver info: driver.version: RemoteWebDriver
	at org.openqa.selenium.By.findElement(By.java:162)
	at org.openqa.selenium.remote.RemoteWebDriver.findElement(RemoteWebDriver.java:363)
	at com.codeborne.selenide.impl.WebElementSelector.findElement(WebElementSelector.java:29)
	at com.codeborne.selenide.impl.ElementFinder.getWebElement(ElementFinder.java:56)
	at com.codeborne.selenide.impl.WebElementSource.checkCondition(WebElementSource.java:44)
	... 43 more
</pre>
</span>
</div>
<div class="test">
<a name="runUnscannedToolValidation - EPMCMBIBPC-1994"></a>
<h3 class="failures">runUnscannedToolValidation - EPMCMBIBPC-1994</h3>
<span class="code">
<pre>Element not found {visible(By.className: ant-dropdown-menu)}
Expected: exist
Screenshot: file:/headless/e2e/gui/build/reports/tests/1607957346906.77.png
Page source: file:/headless/e2e/gui/build/reports/tests/1607957346906.77.html
Timeout: 80 s.
Caused by: NoSuchElementException: Cannot locate an element using visible(By.className: ant-dropdown-menu)
	at com.codeborne.selenide.impl.WebElementSource.createElementNotFoundError(WebElementSource.java:31)
	at com.codeborne.selenide.impl.ElementFinder.createElementNotFoundError(ElementFinder.java:82)
	at com.codeborne.selenide.impl.WebElementSource.checkCondition(WebElementSource.java:59)
	at com.codeborne.selenide.commands.Should.should(Should.java:35)
	at com.codeborne.selenide.commands.Should.execute(Should.java:29)
	at com.codeborne.selenide.commands.Should.execute(Should.java:12)
	at com.codeborne.selenide.commands.Commands.execute(Commands.java:144)
	at com.codeborne.selenide.impl.SelenideElementProxy.dispatchAndRetry(SelenideElementProxy.java:87)
	at com.codeborne.selenide.impl.SelenideElementProxy.invoke(SelenideElementProxy.java:63)
	at com.sun.proxy.$Proxy13.should(Unknown Source)
	at com.codeborne.selenide.impl.ElementFinder.createElementNotFoundError(ElementFinder.java:76)
	at com.codeborne.selenide.impl.WebElementSource.checkCondition(WebElementSource.java:59)
	at com.codeborne.selenide.commands.Should.should(Should.java:35)
	at com.codeborne.selenide.commands.Should.execute(Should.java:29)
	at com.codeborne.selenide.commands.Should.execute(Should.java:12)
	at com.codeborne.selenide.commands.Commands.execute(Commands.java:144)
	at com.codeborne.selenide.impl.SelenideElementProxy.dispatchAndRetry(SelenideElementProxy.java:87)
	at com.codeborne.selenide.impl.SelenideElementProxy.invoke(SelenideElementProxy.java:63)
	at com.sun.proxy.$Proxy13.shouldBe(Unknown Source)
	at com.epam.pipeline.autotests.ao.AccessObject.click(AccessObject.java:100)
	at com.epam.pipeline.autotests.ao.ToolTab.delete(ToolTab.java:148)
	at com.epam.pipeline.autotests.ToolsScanTest.lambda$deleteTool$17(ToolsScanTest.java:313)
	at com.epam.pipeline.autotests.ao.ToolGroup.tool(ToolGroup.java:61)
	at com.epam.pipeline.autotests.ToolsScanTest.deleteTool(ToolsScanTest.java:312)
	at com.epam.pipeline.autotests.ao.AccessObject.performIf(AccessObject.java:345)
	at com.epam.pipeline.autotests.ao.AccessObject.performIf(AccessObject.java:338)
	at com.epam.pipeline.autotests.ao.AccessObject.performIf(AccessObject.java:327)
	at com.epam.pipeline.autotests.ToolsScanTest.lambda$runUnscannedToolValidation$2(ToolsScanTest.java:108)
	at com.epam.pipeline.autotests.ao.Registry.group(Registry.java:55)
	at com.epam.pipeline.autotests.ao.ToolsPage.lambda$perform$5(ToolsPage.java:121)
	at com.epam.pipeline.autotests.ao.ToolsPage.registry(ToolsPage.java:133)
	at com.epam.pipeline.autotests.ao.ToolsPage.perform(ToolsPage.java:120)
	at com.epam.pipeline.autotests.ToolsScanTest.runUnscannedToolValidation(ToolsScanTest.java:106)
	at sun.reflect.NativeMethodAccessorImpl.invoke0(Native Method)
	at sun.reflect.NativeMethodAccessorImpl.invoke(NativeMethodAccessorImpl.java:62)
	at sun.reflect.DelegatingMethodAccessorImpl.invoke(DelegatingMethodAccessorImpl.java:43)
	at java.lang.reflect.Method.invoke(Method.java:498)
	at org.testng.internal.MethodInvocationHelper.invokeMethod(MethodInvocationHelper.java:108)
	at org.testng.internal.Invoker.invokeMethod(Invoker.java:661)
	at org.testng.internal.Invoker.invokeTestMethod(Invoker.java:869)
	at org.testng.internal.Invoker.invokeTestMethods(Invoker.java:1193)
	at org.testng.internal.TestMethodWorker.invokeTestMethods(TestMethodWorker.java:126)
	at org.testng.internal.TestMethodWorker.run(TestMethodWorker.java:109)
	at java.util.concurrent.ThreadPoolExecutor.runWorker(ThreadPoolExecutor.java:1149)
	at java.util.concurrent.ThreadPoolExecutor$Worker.run(ThreadPoolExecutor.java:624)
	at java.lang.Thread.run(Thread.java:748)
Caused by: org.openqa.selenium.NoSuchElementException: Cannot locate an element using visible(By.className: ant-dropdown-menu)
For documentation on this error, please visit: http://seleniumhq.org/exceptions/no_such_element.html
Build info: version: '3.8.1', revision: '6e95a6684b', time: '2017-12-01T18:33:54.468Z'
System info: host: '45fb5b362e77', ip: '172.17.0.3', os.name: 'Linux', os.arch: 'amd64', os.version: '3.10.0-1127.8.2.el7.x86_64', java.version: '1.8.0_262'
Driver info: driver.version: RemoteWebDriver
	at org.openqa.selenium.By.findElement(By.java:162)
	at org.openqa.selenium.remote.RemoteWebDriver.findElement(RemoteWebDriver.java:363)
	at com.codeborne.selenide.impl.WebElementSelector.findElement(WebElementSelector.java:29)
	at com.codeborne.selenide.impl.ElementFinder.getWebElement(ElementFinder.java:56)
	at com.codeborne.selenide.impl.WebElementSource.checkCondition(WebElementSource.java:44)
	... 43 more
</pre>
</span>
</div>
<div class="test">
<a name="uncheckedDenyNotScannedToolOptionValidation - EPMCMBIBPC-2630"></a>
<h3 class="failures">uncheckedDenyNotScannedToolOptionValidation - EPMCMBIBPC-2630</h3>
<span class="code">
<pre>Element not found {visible(By.className: ant-dropdown-menu)}
Expected: exist
Screenshot: file:/headless/e2e/gui/build/reports/tests/1607957703417.83.png
Page source: file:/headless/e2e/gui/build/reports/tests/1607957703417.83.html
Timeout: 80 s.
Caused by: NoSuchElementException: Cannot locate an element using visible(By.className: ant-dropdown-menu)
	at com.codeborne.selenide.impl.WebElementSource.createElementNotFoundError(WebElementSource.java:31)
	at com.codeborne.selenide.impl.ElementFinder.createElementNotFoundError(ElementFinder.java:82)
	at com.codeborne.selenide.impl.WebElementSource.checkCondition(WebElementSource.java:59)
	at com.codeborne.selenide.commands.Should.should(Should.java:35)
	at com.codeborne.selenide.commands.Should.execute(Should.java:29)
	at com.codeborne.selenide.commands.Should.execute(Should.java:12)
	at com.codeborne.selenide.commands.Commands.execute(Commands.java:144)
	at com.codeborne.selenide.impl.SelenideElementProxy.dispatchAndRetry(SelenideElementProxy.java:87)
	at com.codeborne.selenide.impl.SelenideElementProxy.invoke(SelenideElementProxy.java:63)
	at com.sun.proxy.$Proxy13.should(Unknown Source)
	at com.codeborne.selenide.impl.ElementFinder.createElementNotFoundError(ElementFinder.java:76)
	at com.codeborne.selenide.impl.WebElementSource.checkCondition(WebElementSource.java:59)
	at com.codeborne.selenide.commands.Should.should(Should.java:35)
	at com.codeborne.selenide.commands.Should.execute(Should.java:29)
	at com.codeborne.selenide.commands.Should.execute(Should.java:12)
	at com.codeborne.selenide.commands.Commands.execute(Commands.java:144)
	at com.codeborne.selenide.impl.SelenideElementProxy.dispatchAndRetry(SelenideElementProxy.java:87)
	at com.codeborne.selenide.impl.SelenideElementProxy.invoke(SelenideElementProxy.java:63)
	at com.sun.proxy.$Proxy13.shouldBe(Unknown Source)
	at com.epam.pipeline.autotests.ao.AccessObject.click(AccessObject.java:100)
	at com.epam.pipeline.autotests.ao.ToolTab.delete(ToolTab.java:148)
	at com.epam.pipeline.autotests.ToolsScanTest.lambda$deleteTool$17(ToolsScanTest.java:313)
	at com.epam.pipeline.autotests.ao.ToolGroup.tool(ToolGroup.java:61)
	at com.epam.pipeline.autotests.ToolsScanTest.deleteTool(ToolsScanTest.java:312)
	at com.epam.pipeline.autotests.ao.AccessObject.performIf(AccessObject.java:345)
	at com.epam.pipeline.autotests.ao.AccessObject.performIf(AccessObject.java:338)
	at com.epam.pipeline.autotests.ao.AccessObject.performIf(AccessObject.java:327)
	at com.epam.pipeline.autotests.ToolsScanTest.lambda$uncheckedDenyNotScannedToolOptionValidation$12(ToolsScanTest.java:254)
	at com.epam.pipeline.autotests.ao.Registry.group(Registry.java:55)
	at com.epam.pipeline.autotests.ao.ToolsPage.lambda$perform$5(ToolsPage.java:121)
	at com.epam.pipeline.autotests.ao.ToolsPage.registry(ToolsPage.java:133)
	at com.epam.pipeline.autotests.ao.ToolsPage.perform(ToolsPage.java:120)
	at com.epam.pipeline.autotests.ToolsScanTest.uncheckedDenyNotScannedToolOptionValidation(ToolsScanTest.java:252)
	at sun.reflect.NativeMethodAccessorImpl.invoke0(Native Method)
	at sun.reflect.NativeMethodAccessorImpl.invoke(NativeMethodAccessorImpl.java:62)
	at sun.reflect.DelegatingMethodAccessorImpl.invoke(DelegatingMethodAccessorImpl.java:43)
	at java.lang.reflect.Method.invoke(Method.java:498)
	at org.testng.internal.MethodInvocationHelper.invokeMethod(MethodInvocationHelper.java:108)
	at org.testng.internal.Invoker.invokeMethod(Invoker.java:661)
	at org.testng.internal.Invoker.invokeTestMethod(Invoker.java:869)
	at org.testng.internal.Invoker.invokeTestMethods(Invoker.java:1193)
	at org.testng.internal.TestMethodWorker.invokeTestMethods(TestMethodWorker.java:126)
	at org.testng.internal.TestMethodWorker.run(TestMethodWorker.java:109)
	at java.util.concurrent.ThreadPoolExecutor.runWorker(ThreadPoolExecutor.java:1149)
	at java.util.concurrent.ThreadPoolExecutor$Worker.run(ThreadPoolExecutor.java:624)
	at java.lang.Thread.run(Thread.java:748)
Caused by: org.openqa.selenium.NoSuchElementException: Cannot locate an element using visible(By.className: ant-dropdown-menu)
For documentation on this error, please visit: http://seleniumhq.org/exceptions/no_such_element.html
Build info: version: '3.8.1', revision: '6e95a6684b', time: '2017-12-01T18:33:54.468Z'
System info: host: '45fb5b362e77', ip: '172.17.0.3', os.name: 'Linux', os.arch: 'amd64', os.version: '3.10.0-1127.8.2.el7.x86_64', java.version: '1.8.0_262'
Driver info: driver.version: RemoteWebDriver
	at org.openqa.selenium.By.findElement(By.java:162)
	at org.openqa.selenium.remote.RemoteWebDriver.findElement(RemoteWebDriver.java:363)
	at com.codeborne.selenide.impl.WebElementSelector.findElement(WebElementSelector.java:29)
	at com.codeborne.selenide.impl.ElementFinder.getWebElement(ElementFinder.java:56)
	at com.codeborne.selenide.impl.WebElementSource.checkCondition(WebElementSource.java:44)
	... 43 more
</pre>
</span>
</div>
<div class="test">
<a name="whiteListFlagValidation - EPMCMBIBPC-2631"></a>
<h3 class="failures">whiteListFlagValidation - EPMCMBIBPC-2631</h3>
<span class="code">
<pre>Element not found {visible(By.className: ant-dropdown-menu)}
Expected: exist
Screenshot: file:/headless/e2e/gui/build/reports/tests/1607957823851.85.png
Page source: file:/headless/e2e/gui/build/reports/tests/1607957823851.85.html
Timeout: 80 s.
Caused by: NoSuchElementException: Cannot locate an element using visible(By.className: ant-dropdown-menu)
	at com.codeborne.selenide.impl.WebElementSource.createElementNotFoundError(WebElementSource.java:31)
	at com.codeborne.selenide.impl.ElementFinder.createElementNotFoundError(ElementFinder.java:82)
	at com.codeborne.selenide.impl.WebElementSource.checkCondition(WebElementSource.java:59)
	at com.codeborne.selenide.commands.Should.should(Should.java:35)
	at com.codeborne.selenide.commands.Should.execute(Should.java:29)
	at com.codeborne.selenide.commands.Should.execute(Should.java:12)
	at com.codeborne.selenide.commands.Commands.execute(Commands.java:144)
	at com.codeborne.selenide.impl.SelenideElementProxy.dispatchAndRetry(SelenideElementProxy.java:87)
	at com.codeborne.selenide.impl.SelenideElementProxy.invoke(SelenideElementProxy.java:63)
	at com.sun.proxy.$Proxy13.should(Unknown Source)
	at com.codeborne.selenide.impl.ElementFinder.createElementNotFoundError(ElementFinder.java:76)
	at com.codeborne.selenide.impl.WebElementSource.checkCondition(WebElementSource.java:59)
	at com.codeborne.selenide.commands.Should.should(Should.java:35)
	at com.codeborne.selenide.commands.Should.execute(Should.java:29)
	at com.codeborne.selenide.commands.Should.execute(Should.java:12)
	at com.codeborne.selenide.commands.Commands.execute(Commands.java:144)
	at com.codeborne.selenide.impl.SelenideElementProxy.dispatchAndRetry(SelenideElementProxy.java:87)
	at com.codeborne.selenide.impl.SelenideElementProxy.invoke(SelenideElementProxy.java:63)
	at com.sun.proxy.$Proxy13.shouldBe(Unknown Source)
	at com.epam.pipeline.autotests.ao.AccessObject.click(AccessObject.java:100)
	at com.epam.pipeline.autotests.ao.ToolTab.delete(ToolTab.java:148)
	at com.epam.pipeline.autotests.ToolsScanTest.lambda$deleteTool$17(ToolsScanTest.java:313)
	at com.epam.pipeline.autotests.ao.ToolGroup.tool(ToolGroup.java:61)
	at com.epam.pipeline.autotests.ToolsScanTest.deleteTool(ToolsScanTest.java:312)
	at com.epam.pipeline.autotests.ao.AccessObject.performIf(AccessObject.java:345)
	at com.epam.pipeline.autotests.ao.AccessObject.performIf(AccessObject.java:338)
	at com.epam.pipeline.autotests.ao.AccessObject.performIf(AccessObject.java:327)
	at com.epam.pipeline.autotests.ToolsScanTest.lambda$whiteListFlagValidation$15(ToolsScanTest.java:288)
	at com.epam.pipeline.autotests.ao.Registry.group(Registry.java:55)
	at com.epam.pipeline.autotests.ao.ToolsPage.lambda$perform$5(ToolsPage.java:121)
	at com.epam.pipeline.autotests.ao.ToolsPage.registry(ToolsPage.java:133)
	at com.epam.pipeline.autotests.ao.ToolsPage.perform(ToolsPage.java:120)
	at com.epam.pipeline.autotests.ToolsScanTest.whiteListFlagValidation(ToolsScanTest.java:286)
	at sun.reflect.NativeMethodAccessorImpl.invoke0(Native Method)
	at sun.reflect.NativeMethodAccessorImpl.invoke(NativeMethodAccessorImpl.java:62)
	at sun.reflect.DelegatingMethodAccessorImpl.invoke(DelegatingMethodAccessorImpl.java:43)
	at java.lang.reflect.Method.invoke(Method.java:498)
	at org.testng.internal.MethodInvocationHelper.invokeMethod(MethodInvocationHelper.java:108)
	at org.testng.internal.Invoker.invokeMethod(Invoker.java:661)
	at org.testng.internal.Invoker.invokeTestMethod(Invoker.java:869)
	at org.testng.internal.Invoker.invokeTestMethods(Invoker.java:1193)
	at org.testng.internal.TestMethodWorker.invokeTestMethods(TestMethodWorker.java:126)
	at org.testng.internal.TestMethodWorker.run(TestMethodWorker.java:109)
	at java.util.concurrent.ThreadPoolExecutor.runWorker(ThreadPoolExecutor.java:1149)
	at java.util.concurrent.ThreadPoolExecutor$Worker.run(ThreadPoolExecutor.java:624)
	at java.lang.Thread.run(Thread.java:748)
Caused by: org.openqa.selenium.NoSuchElementException: Cannot locate an element using visible(By.className: ant-dropdown-menu)
For documentation on this error, please visit: http://seleniumhq.org/exceptions/no_such_element.html
Build info: version: '3.8.1', revision: '6e95a6684b', time: '2017-12-01T18:33:54.468Z'
System info: host: '45fb5b362e77', ip: '172.17.0.3', os.name: 'Linux', os.arch: 'amd64', os.version: '3.10.0-1127.8.2.el7.x86_64', java.version: '1.8.0_262'
Driver info: driver.version: RemoteWebDriver
	at org.openqa.selenium.By.findElement(By.java:162)
	at org.openqa.selenium.remote.RemoteWebDriver.findElement(RemoteWebDriver.java:363)
	at com.codeborne.selenide.impl.WebElementSelector.findElement(WebElementSelector.java:29)
	at com.codeborne.selenide.impl.ElementFinder.getWebElement(ElementFinder.java:56)
	at com.codeborne.selenide.impl.WebElementSource.checkCondition(WebElementSource.java:44)
	... 43 more
</pre>
</span>
</div>
</div>
<div id="tab1" class="tab">
<h2>Tests</h2>
<table>
<thead>
<tr>
<th>Test</th>
<th>Duration</th>
<th>Result</th>
</tr>
</thead>
<tr>
<td class="failures">denyNotScannedToolOptionValidation - EPMCMBIBPC-2004</td>
<td>1m59.65s</td>
<td class="failures">failed</td>
</tr>
<tr>
<td class="failures">gracePeriodOptionValidation - EPMCMBIBPC-2629</td>
<td>1m56.77s</td>
<td class="failures">failed</td>
</tr>
<tr>
<td class="failures">runUnscannedToolValidation - EPMCMBIBPC-1994</td>
<td>1m31.77s</td>
<td class="failures">failed</td>
</tr>
<tr>
<td class="skipped">toolScanResultsValidation</td>
<td>-</td>
<td class="skipped">ignored</td>
</tr>
<tr>
<td class="skipped">toolScanningValidation</td>
<td>-</td>
<td class="skipped">ignored</td>
</tr>
<tr>
<td class="failures">uncheckedDenyNotScannedToolOptionValidation - EPMCMBIBPC-2630</td>
<td>2m0.09s</td>
<td class="failures">failed</td>
</tr>
<tr>
<td class="failures">whiteListFlagValidation - EPMCMBIBPC-2631</td>
<td>2m0.42s</td>
<td class="failures">failed</td>
</tr>
</table>
</div>
</div>
<div id="footer">
<p>
<div>
<label class="hidden" id="label-for-line-wrapping-toggle" for="line-wrapping-toggle">Wrap lines
<input id="line-wrapping-toggle" type="checkbox" autocomplete="off"/>
</label>
</div>Generated by 
<a href="http://www.gradle.org">Gradle 3.4.1</a> at Dec 14, 2020 3:38:00 PM</p>
</div>
</div>
</body>
</html>
